android/app/build/intermediates/manifest_merge_blame_file/release/manifest-merger-blame-release-report.txt
1<?xml version="1.0" encoding="utf-8"?>
2<manifest xmlns:android="http://schemas.android.com/apk/res/android"
3    package="org.jitsi.meet"
4    android:installLocation="auto"
5    android:versionCode="17008841"
6    android:versionName="24.0.0" >
7
8    <uses-sdk
9        android:minSdkVersion="24"
9-->src/main/AndroidManifest.xml
10        android:targetSdkVersion="34" />
10-->src/main/AndroidManifest.xml
11    <!-- XXX ACCESS_NETWORK_STATE is required by WebRTC. -->
12    <uses-permission android:name="android.permission.ACCESS_NETWORK_STATE" />
12-->[:sdk] AndroidManifest.xml:8:5-79
12-->[:sdk] AndroidManifest.xml:8:22-76
13    <uses-permission android:name="android.permission.BLUETOOTH" />
13-->[:sdk] AndroidManifest.xml:9:5-68
13-->[:sdk] AndroidManifest.xml:9:22-65
14    <uses-permission android:name="android.permission.CAMERA" />
14-->[:sdk] AndroidManifest.xml:10:5-65
14-->[:sdk] AndroidManifest.xml:10:22-62
15    <uses-permission android:name="android.permission.INTERNET" />
15-->[:sdk] AndroidManifest.xml:11:5-67
15-->[:sdk] AndroidManifest.xml:11:22-64
16    <uses-permission android:name="android.permission.MANAGE_OWN_CALLS" />
16-->[:sdk] AndroidManifest.xml:12:5-75
16-->[:sdk] AndroidManifest.xml:12:22-72
17    <uses-permission android:name="android.permission.MODIFY_AUDIO_SETTINGS" />
17-->[:sdk] AndroidManifest.xml:13:5-80
17-->[:sdk] AndroidManifest.xml:13:22-77
18    <uses-permission android:name="android.permission.RECORD_AUDIO" />
18-->[:sdk] AndroidManifest.xml:14:5-71
18-->[:sdk] AndroidManifest.xml:14:22-68
19    <uses-permission android:name="android.permission.WAKE_LOCK" />
19-->[:sdk] AndroidManifest.xml:15:5-68
19-->[:sdk] AndroidManifest.xml:15:22-65
20    <uses-permission android:name="android.permission.ACCESS_WIFI_STATE" />
20-->[:sdk] AndroidManifest.xml:16:5-76
20-->[:sdk] AndroidManifest.xml:16:22-73
21    <uses-permission android:name="android.permission.FOREGROUND_SERVICE" />
21-->[:sdk] AndroidManifest.xml:17:5-77
21-->[:sdk] AndroidManifest.xml:17:22-74
22    <uses-permission android:name="android.permission.FOREGROUND_SERVICE_MEDIA_PLAYBACK" />
22-->[:sdk] AndroidManifest.xml:18:5-92
22-->[:sdk] AndroidManifest.xml:18:22-89
23
24    <uses-feature
24-->[:sdk] AndroidManifest.xml:20:5-22:35
25        android:glEsVersion="0x00020000"
25-->[:sdk] AndroidManifest.xml:21:9-41
26        android:required="true" />
26-->[:sdk] AndroidManifest.xml:22:9-32
27    <uses-feature
27-->[:sdk] AndroidManifest.xml:23:5-25:36
28        android:name="android.hardware.camera"
28-->[:sdk] AndroidManifest.xml:24:9-47
29        android:required="false" />
29-->[:sdk] AndroidManifest.xml:25:9-33
30    <uses-feature
30-->[:sdk] AndroidManifest.xml:26:5-28:36
31        android:name="android.hardware.camera.autofocus"
31-->[:sdk] AndroidManifest.xml:27:9-57
32        android:required="false" />
32-->[:sdk] AndroidManifest.xml:28:9-33
33
34    <uses-permission android:name="android.permission.WRITE_CALENDAR" />
34-->[:react-native-calendar-events] AndroidManifest.xml:7:5-73
34-->[:react-native-calendar-events] AndroidManifest.xml:7:22-70
35    <uses-permission android:name="android.permission.READ_CALENDAR" />
35-->[:react-native-calendar-events] AndroidManifest.xml:8:5-72
35-->[:react-native-calendar-events] AndroidManifest.xml:8:22-69
36    <uses-permission android:name="android.permission.FOREGROUND_SERVICE_MEDIA_PROJECTION" />
36-->[:react-native-webrtc] AndroidManifest.xml:9:5-94
36-->[:react-native-webrtc] AndroidManifest.xml:9:22-91
37
38    <uses-feature
38-->[:react-native-webrtc] AndroidManifest.xml:11:5-14:32
39        android:name="android.hardware.usb.host"
39-->[:react-native-webrtc] AndroidManifest.xml:12:9-49
40        android:required="false" />
40-->[:react-native-webrtc] AndroidManifest.xml:13:9-33
41
42    <uses-permission android:name="com.google.android.finsky.permission.BIND_GET_INSTALL_REFERRER_SERVICE" />
42-->[com.google.android.gms:play-services-measurement:21.3.0] AndroidManifest.xml:26:5-110
42-->[com.google.android.gms:play-services-measurement:21.3.0] AndroidManifest.xml:26:22-107
43    <uses-permission android:name="com.google.android.gms.permission.AD_ID" />
43-->[com.google.android.gms:play-services-measurement-api:21.3.0] AndroidManifest.xml:25:5-79
43-->[com.google.android.gms:play-services-measurement-api:21.3.0] AndroidManifest.xml:25:22-76
44
45    <permission
45-->[androidx.core:core:1.9.0] AndroidManifest.xml:22:5-24:47
46        android:name="org.jitsi.meet.DYNAMIC_RECEIVER_NOT_EXPORTED_PERMISSION"
46-->[androidx.core:core:1.9.0] AndroidManifest.xml:23:9-81
47        android:protectionLevel="signature" />
47-->[androidx.core:core:1.9.0] AndroidManifest.xml:24:9-44
48
49    <uses-permission android:name="org.jitsi.meet.DYNAMIC_RECEIVER_NOT_EXPORTED_PERMISSION" />
49-->[androidx.core:core:1.9.0] AndroidManifest.xml:26:5-97
49-->[androidx.core:core:1.9.0] AndroidManifest.xml:26:22-94
50
51    <application
51-->src/main/AndroidManifest.xml:4:3-44:17
52        android:allowBackup="true"
52-->src/main/AndroidManifest.xml:5:7-33
53        android:appComponentFactory="androidx.core.app.CoreComponentFactory"
53-->[androidx.core:core:1.9.0] AndroidManifest.xml:28:18-86
54        android:extractNativeLibs="true"
54-->src/main/AndroidManifest.xml:6:7-39
55        android:icon="@mipmap/ic_launcher"
55-->src/main/AndroidManifest.xml:7:7-41
56        android:label="@string/app_name"
56-->src/main/AndroidManifest.xml:8:7-39
57        android:networkSecurityConfig="@xml/network_security_config"
57-->src/main/AndroidManifest.xml:9:7-67
58        android:supportsRtl="true"
58-->[:sdk] AndroidManifest.xml:33:9-35
59        android:theme="@style/AppTheme" >
59-->src/main/AndroidManifest.xml:10:7-38
60        <meta-data
60-->src/main/AndroidManifest.xml:11:5-13:52
61            android:name="android.content.APP_RESTRICTIONS"
61-->src/main/AndroidManifest.xml:12:9-56
62            android:resource="@xml/app_restrictions" />
62-->src/main/AndroidManifest.xml:13:9-49
63
64        <activity
64-->src/main/AndroidManifest.xml:14:5-43:16
65            android:name="org.jitsi.meet.MainActivity"
65-->src/main/AndroidManifest.xml:20:9-37
66            android:configChanges="keyboard|keyboardHidden|orientation|screenLayout|screenSize|smallestScreenSize|uiMode"
66-->src/main/AndroidManifest.xml:15:9-118
67            android:exported="true"
67-->src/main/AndroidManifest.xml:16:9-32
68            android:label="@string/app_name"
68-->src/main/AndroidManifest.xml:17:9-41
69            android:launchMode="singleInstance"
69-->src/main/AndroidManifest.xml:18:9-44
70            android:resizeableActivity="true"
70-->src/main/AndroidManifest.xml:21:9-42
71            android:supportsPictureInPicture="true"
71-->src/main/AndroidManifest.xml:22:9-48
72            android:taskAffinity=""
72-->src/main/AndroidManifest.xml:19:9-32
73            android:windowSoftInputMode="adjustResize" >
73-->src/main/AndroidManifest.xml:23:9-51
74            <meta-data
74-->src/main/AndroidManifest.xml:24:7-97
75                android:name="firebase_crashlytics_collection_enabled"
75-->src/main/AndroidManifest.xml:24:18-72
76                android:value="false" />
76-->src/main/AndroidManifest.xml:24:73-94
77
78            <intent-filter>
78-->src/main/AndroidManifest.xml:25:7-28:23
79                <action android:name="android.intent.action.MAIN" />
79-->src/main/AndroidManifest.xml:26:9-61
79-->src/main/AndroidManifest.xml:26:17-58
80
81                <category android:name="android.intent.category.LAUNCHER" />
81-->src/main/AndroidManifest.xml:27:9-69
81-->src/main/AndroidManifest.xml:27:19-66
82            </intent-filter>
83            <intent-filter>
83-->src/main/AndroidManifest.xml:29:7-36:23
84                <action android:name="android.intent.action.VIEW" />
84-->src/main/AndroidManifest.xml:30:9-61
84-->src/main/AndroidManifest.xml:30:17-58
85
86                <category android:name="android.intent.category.BROWSABLE" />
86-->src/main/AndroidManifest.xml:31:9-70
86-->src/main/AndroidManifest.xml:31:19-67
87                <category android:name="android.intent.category.DEFAULT" />
87-->src/main/AndroidManifest.xml:32:9-68
87-->src/main/AndroidManifest.xml:32:19-65
88
89                <data
89-->src/main/AndroidManifest.xml:33:9-71
90                    android:host="alpha.jitsi.net"
90-->src/main/AndroidManifest.xml:33:15-45
91                    android:scheme="https" />
91-->src/main/AndroidManifest.xml:33:46-68
92                <data
92-->src/main/AndroidManifest.xml:33:9-71
93                    android:host="beta.meet.jit.si"
93-->src/main/AndroidManifest.xml:33:15-45
94                    android:scheme="https" />
94-->src/main/AndroidManifest.xml:33:46-68
95                <data
95-->src/main/AndroidManifest.xml:33:9-71
96                    android:host="meet.jit.si"
96-->src/main/AndroidManifest.xml:33:15-45
97                    android:scheme="https" />
97-->src/main/AndroidManifest.xml:33:46-68
98            </intent-filter>
99            <intent-filter>
99-->src/main/AndroidManifest.xml:37:7-42:23
100                <action android:name="android.intent.action.VIEW" />
100-->src/main/AndroidManifest.xml:30:9-61
100-->src/main/AndroidManifest.xml:30:17-58
101
102                <category android:name="android.intent.category.BROWSABLE" />
102-->src/main/AndroidManifest.xml:31:9-70
102-->src/main/AndroidManifest.xml:31:19-67
103                <category android:name="android.intent.category.DEFAULT" />
103-->src/main/AndroidManifest.xml:32:9-68
103-->src/main/AndroidManifest.xml:32:19-65
104
105                <data android:scheme="org.jitsi.meet" />
105-->src/main/AndroidManifest.xml:33:9-71
105-->src/main/AndroidManifest.xml:33:46-68
106            </intent-filter>
107        </activity>
108        <activity
108-->[:sdk] AndroidManifest.xml:34:9-41:58
109            android:name="org.jitsi.meet.sdk.JitsiMeetActivity"
109-->[:sdk] AndroidManifest.xml:35:13-64
110            android:configChanges="keyboard|keyboardHidden|orientation|screenLayout|screenSize|smallestScreenSize|uiMode"
110-->[:sdk] AndroidManifest.xml:36:13-122
111            android:launchMode="singleTask"
111-->[:sdk] AndroidManifest.xml:37:13-44
112            android:resizeableActivity="true"
112-->[:sdk] AndroidManifest.xml:38:13-46
113            android:supportsPictureInPicture="true"
113-->[:sdk] AndroidManifest.xml:39:13-52
114            android:theme="@style/JitsiMeetActivityStyle"
114-->[:sdk] AndroidManifest.xml:40:13-58
115            android:windowSoftInputMode="adjustResize" />
115-->[:sdk] AndroidManifest.xml:41:13-55
116
117        <service
117-->[:sdk] AndroidManifest.xml:43:9-50:19
118            android:name="org.jitsi.meet.sdk.ConnectionService"
118-->[:sdk] AndroidManifest.xml:44:13-64
119            android:exported="true"
119-->[:sdk] AndroidManifest.xml:45:13-36
120            android:permission="android.permission.BIND_TELECOM_CONNECTION_SERVICE" >
120-->[:sdk] AndroidManifest.xml:46:13-84
121            <intent-filter>
121-->[:sdk] AndroidManifest.xml:47:13-49:29
122                <action android:name="android.telecom.ConnectionService" />
122-->[:sdk] AndroidManifest.xml:48:17-76
122-->[:sdk] AndroidManifest.xml:48:25-73
123            </intent-filter>
124        </service>
125        <service
125-->[:sdk] AndroidManifest.xml:51:9-53:61
126            android:name="org.jitsi.meet.sdk.JitsiMeetOngoingConferenceService"
126-->[:sdk] AndroidManifest.xml:52:13-80
127            android:foregroundServiceType="mediaPlayback" />
127-->[:sdk] AndroidManifest.xml:53:13-58
128
129        <provider
129-->[:sdk] AndroidManifest.xml:55:9-60:20
130            android:name="com.reactnativecommunity.webview.RNCWebViewFileProvider"
130-->[:sdk] AndroidManifest.xml:56:13-83
131            android:authorities="org.jitsi.meet.fileprovider"
131-->[:sdk] AndroidManifest.xml:57:13-64
132            android:enabled="false"
132-->[:sdk] AndroidManifest.xml:58:13-36
133            android:exported="false"
133-->[:react-native-webview] AndroidManifest.xml:11:13-37
134            android:grantUriPermissions="true" >
134-->[:react-native-webview] AndroidManifest.xml:12:13-47
135            <meta-data
135-->[:react-native-webview] AndroidManifest.xml:13:13-15:63
136                android:name="android.support.FILE_PROVIDER_PATHS"
136-->[:react-native-webview] AndroidManifest.xml:14:17-67
137                android:resource="@xml/file_provider_paths" />
137-->[:react-native-webview] AndroidManifest.xml:15:17-60
138        </provider>
139        <provider
139-->[:sdk] AndroidManifest.xml:61:9-68:20
140            android:name="androidx.startup.InitializationProvider"
140-->[:sdk] AndroidManifest.xml:62:13-67
141            android:authorities="org.jitsi.meet.androidx-startup"
141-->[:sdk] AndroidManifest.xml:63:13-68
142            android:exported="false" >
142-->[:sdk] AndroidManifest.xml:64:13-37
143            <meta-data
143-->[:sdk] AndroidManifest.xml:65:13-67:52
144                android:name="org.jitsi.meet.sdk.JitsiInitializer"
144-->[:sdk] AndroidManifest.xml:66:17-67
145                android:value="androidx.startup" />
145-->[:sdk] AndroidManifest.xml:67:17-49
146            <meta-data
146-->[androidx.emoji2:emoji2:1.2.0] AndroidManifest.xml:29:13-31:52
147                android:name="androidx.emoji2.text.EmojiCompatInitializer"
147-->[androidx.emoji2:emoji2:1.2.0] AndroidManifest.xml:30:17-75
148                android:value="androidx.startup" />
148-->[androidx.emoji2:emoji2:1.2.0] AndroidManifest.xml:31:17-49
149            <meta-data
149-->[androidx.lifecycle:lifecycle-process:2.4.1] AndroidManifest.xml:31:13-33:52
150                android:name="androidx.lifecycle.ProcessLifecycleInitializer"
150-->[androidx.lifecycle:lifecycle-process:2.4.1] AndroidManifest.xml:32:17-78
151                android:value="androidx.startup" />
151-->[androidx.lifecycle:lifecycle-process:2.4.1] AndroidManifest.xml:33:17-49
152        </provider>
153        <provider
153-->[:react-native-performance] AndroidManifest.xml:8:9-12:39
154            android:name="com.oblador.performance.StartTimeProvider"
154-->[:react-native-performance] AndroidManifest.xml:9:13-69
155            android:authorities="org.jitsi.meet.start.time.provider"
155-->[:react-native-performance] AndroidManifest.xml:10:13-71
156            android:exported="false"
156-->[:react-native-performance] AndroidManifest.xml:11:13-37
157            android:initOrder="200" />
157-->[:react-native-performance] AndroidManifest.xml:12:13-36
158
159        <service
159-->[:react-native-webrtc] AndroidManifest.xml:17:9-20:19
160            android:name="com.oney.WebRTCModule.MediaProjectionService"
160-->[:react-native-webrtc] AndroidManifest.xml:18:13-72
161            android:foregroundServiceType="mediaProjection" >
161-->[:react-native-webrtc] AndroidManifest.xml:19:13-60
162        </service>
163
164        <uses-library
164-->[com.giphy.sdk:ui:2.3.4] AndroidManifest.xml:12:9-14:40
165            android:name="android.test.runner"
165-->[com.giphy.sdk:ui:2.3.4] AndroidManifest.xml:13:13-47
166            android:required="false" />
166-->[com.giphy.sdk:ui:2.3.4] AndroidManifest.xml:14:13-37
167        <uses-library
167-->[com.giphy.sdk:ui:2.3.4] AndroidManifest.xml:15:9-17:40
168            android:name="android.test.base"
168-->[com.giphy.sdk:ui:2.3.4] AndroidManifest.xml:16:13-45
169            android:required="false" />
169-->[com.giphy.sdk:ui:2.3.4] AndroidManifest.xml:17:13-37
170        <uses-library
170-->[com.giphy.sdk:ui:2.3.4] AndroidManifest.xml:18:9-20:40
171            android:name="android.test.mock"
171-->[com.giphy.sdk:ui:2.3.4] AndroidManifest.xml:19:13-45
172            android:required="false" />
172-->[com.giphy.sdk:ui:2.3.4] AndroidManifest.xml:20:13-37
173
174        <activity
174-->[com.google.android.gms:play-services-auth:20.5.0] AndroidManifest.xml:23:9-27:75
175            android:name="com.google.android.gms.auth.api.signin.internal.SignInHubActivity"
175-->[com.google.android.gms:play-services-auth:20.5.0] AndroidManifest.xml:24:13-93
176            android:excludeFromRecents="true"
176-->[com.google.android.gms:play-services-auth:20.5.0] AndroidManifest.xml:25:13-46
177            android:exported="false"
177-->[com.google.android.gms:play-services-auth:20.5.0] AndroidManifest.xml:26:13-37
178            android:theme="@android:style/Theme.Translucent.NoTitleBar" />
178-->[com.google.android.gms:play-services-auth:20.5.0] AndroidManifest.xml:27:13-72
179        <!--
180            Service handling Google Sign-In user revocation. For apps that do not integrate with
181            Google Sign-In, this service will never be started.
182        -->
183        <service
183-->[com.google.android.gms:play-services-auth:20.5.0] AndroidManifest.xml:33:9-37:51
184            android:name="com.google.android.gms.auth.api.signin.RevocationBoundService"
184-->[com.google.android.gms:play-services-auth:20.5.0] AndroidManifest.xml:34:13-89
185            android:exported="true"
185-->[com.google.android.gms:play-services-auth:20.5.0] AndroidManifest.xml:35:13-36
186            android:permission="com.google.android.gms.auth.api.signin.permission.REVOCATION_NOTIFICATION"
186-->[com.google.android.gms:play-services-auth:20.5.0] AndroidManifest.xml:36:13-107
187            android:visibleToInstantApps="true" />
187-->[com.google.android.gms:play-services-auth:20.5.0] AndroidManifest.xml:37:13-48
188        <service
188-->[com.google.firebase:firebase-crashlytics:18.4.3] AndroidManifest.xml:12:9-18:19
189            android:name="com.google.firebase.components.ComponentDiscoveryService"
189-->[com.google.firebase:firebase-crashlytics:18.4.3] AndroidManifest.xml:13:13-84
190            android:directBootAware="true"
190-->[com.google.firebase:firebase-common:20.3.3] AndroidManifest.xml:34:13-43
191            android:exported="false" >
191-->[com.google.firebase:firebase-crashlytics:18.4.3] AndroidManifest.xml:14:13-37
192            <meta-data
192-->[com.google.firebase:firebase-crashlytics:18.4.3] AndroidManifest.xml:15:13-17:85
193                android:name="com.google.firebase.components:com.google.firebase.crashlytics.CrashlyticsRegistrar"
193-->[com.google.firebase:firebase-crashlytics:18.4.3] AndroidManifest.xml:16:17-115
194                android:value="com.google.firebase.components.ComponentRegistrar" />
194-->[com.google.firebase:firebase-crashlytics:18.4.3] AndroidManifest.xml:17:17-82
195            <meta-data
195-->[com.google.firebase:firebase-dynamic-links:21.1.0] AndroidManifest.xml:26:13-28:85
196                android:name="com.google.firebase.components:com.google.firebase.dynamiclinks.internal.FirebaseDynamicLinkRegistrar"
196-->[com.google.firebase:firebase-dynamic-links:21.1.0] AndroidManifest.xml:27:17-133
197                android:value="com.google.firebase.components.ComponentRegistrar" />
197-->[com.google.firebase:firebase-dynamic-links:21.1.0] AndroidManifest.xml:28:17-82
198            <meta-data
198-->[com.google.android.gms:play-services-measurement-api:21.3.0] AndroidManifest.xml:31:13-33:85
199                android:name="com.google.firebase.components:com.google.firebase.analytics.connector.internal.AnalyticsConnectorRegistrar"
199-->[com.google.android.gms:play-services-measurement-api:21.3.0] AndroidManifest.xml:32:17-139
200                android:value="com.google.firebase.components.ComponentRegistrar" />
200-->[com.google.android.gms:play-services-measurement-api:21.3.0] AndroidManifest.xml:33:17-82
201            <meta-data
201-->[com.google.firebase:firebase-sessions:1.0.2] AndroidManifest.xml:25:13-27:85
202                android:name="com.google.firebase.components:com.google.firebase.sessions.FirebaseSessionsRegistrar"
202-->[com.google.firebase:firebase-sessions:1.0.2] AndroidManifest.xml:26:17-117
203                android:value="com.google.firebase.components.ComponentRegistrar" />
203-->[com.google.firebase:firebase-sessions:1.0.2] AndroidManifest.xml:27:17-82
204            <meta-data
204-->[com.google.firebase:firebase-installations:17.1.3] AndroidManifest.xml:17:13-19:85
205                android:name="com.google.firebase.components:com.google.firebase.installations.FirebaseInstallationsRegistrar"
205-->[com.google.firebase:firebase-installations:17.1.3] AndroidManifest.xml:18:17-127
206                android:value="com.google.firebase.components.ComponentRegistrar" />
206-->[com.google.firebase:firebase-installations:17.1.3] AndroidManifest.xml:19:17-82
207            <meta-data
207-->[com.google.firebase:firebase-datatransport:18.1.8] AndroidManifest.xml:27:13-29:85
208                android:name="com.google.firebase.components:com.google.firebase.datatransport.TransportRegistrar"
208-->[com.google.firebase:firebase-datatransport:18.1.8] AndroidManifest.xml:28:17-115
209                android:value="com.google.firebase.components.ComponentRegistrar" />
209-->[com.google.firebase:firebase-datatransport:18.1.8] AndroidManifest.xml:29:17-82
210            <meta-data
210-->[com.google.firebase:firebase-common-ktx:20.3.3] AndroidManifest.xml:14:13-16:85
211                android:name="com.google.firebase.components:com.google.firebase.ktx.FirebaseCommonKtxRegistrar"
211-->[com.google.firebase:firebase-common-ktx:20.3.3] AndroidManifest.xml:15:17-113
212                android:value="com.google.firebase.components.ComponentRegistrar" />
212-->[com.google.firebase:firebase-common-ktx:20.3.3] AndroidManifest.xml:16:17-82
213        </service>
214
215        <activity
215-->[com.google.android.gms:play-services-base:18.0.1] AndroidManifest.xml:20:9-22:45
216            android:name="com.google.android.gms.common.api.GoogleApiActivity"
216-->[com.google.android.gms:play-services-base:18.0.1] AndroidManifest.xml:20:19-85
217            android:exported="false"
217-->[com.google.android.gms:play-services-base:18.0.1] AndroidManifest.xml:22:19-43
218            android:theme="@android:style/Theme.Translucent.NoTitleBar" />
218-->[com.google.android.gms:play-services-base:18.0.1] AndroidManifest.xml:21:19-78
219
220        <receiver
220-->[com.google.android.gms:play-services-measurement:21.3.0] AndroidManifest.xml:29:9-33:20
221            android:name="com.google.android.gms.measurement.AppMeasurementReceiver"
221-->[com.google.android.gms:play-services-measurement:21.3.0] AndroidManifest.xml:30:13-85
222            android:enabled="true"
222-->[com.google.android.gms:play-services-measurement:21.3.0] AndroidManifest.xml:31:13-35
223            android:exported="false" >
223-->[com.google.android.gms:play-services-measurement:21.3.0] AndroidManifest.xml:32:13-37
224        </receiver>
225
226        <service
226-->[com.google.android.gms:play-services-measurement:21.3.0] AndroidManifest.xml:35:9-38:40
227            android:name="com.google.android.gms.measurement.AppMeasurementService"
227-->[com.google.android.gms:play-services-measurement:21.3.0] AndroidManifest.xml:36:13-84
228            android:enabled="true"
228-->[com.google.android.gms:play-services-measurement:21.3.0] AndroidManifest.xml:37:13-35
229            android:exported="false" />
229-->[com.google.android.gms:play-services-measurement:21.3.0] AndroidManifest.xml:38:13-37
230        <service
230-->[com.google.android.gms:play-services-measurement:21.3.0] AndroidManifest.xml:39:9-43:72
231            android:name="com.google.android.gms.measurement.AppMeasurementJobService"
231-->[com.google.android.gms:play-services-measurement:21.3.0] AndroidManifest.xml:40:13-87
232            android:enabled="true"
232-->[com.google.android.gms:play-services-measurement:21.3.0] AndroidManifest.xml:41:13-35
233            android:exported="false"
233-->[com.google.android.gms:play-services-measurement:21.3.0] AndroidManifest.xml:42:13-37
234            android:permission="android.permission.BIND_JOB_SERVICE" />
234-->[com.google.android.gms:play-services-measurement:21.3.0] AndroidManifest.xml:43:13-69
235
236        <provider
236-->[com.google.firebase:firebase-common:20.3.3] AndroidManifest.xml:25:9-30:39
237            android:name="com.google.firebase.provider.FirebaseInitProvider"
237-->[com.google.firebase:firebase-common:20.3.3] AndroidManifest.xml:26:13-77
238            android:authorities="org.jitsi.meet.firebaseinitprovider"
238-->[com.google.firebase:firebase-common:20.3.3] AndroidManifest.xml:27:13-72
239            android:directBootAware="true"
239-->[com.google.firebase:firebase-common:20.3.3] AndroidManifest.xml:28:13-43
240            android:exported="false"
240-->[com.google.firebase:firebase-common:20.3.3] AndroidManifest.xml:29:13-37
241            android:initOrder="100" />
241-->[com.google.firebase:firebase-common:20.3.3] AndroidManifest.xml:30:13-36
242
243        <meta-data
243-->[com.google.android.gms:play-services-basement:18.2.0] AndroidManifest.xml:21:9-23:69
244            android:name="com.google.android.gms.version"
244-->[com.google.android.gms:play-services-basement:18.2.0] AndroidManifest.xml:22:13-58
245            android:value="@integer/google_play_services_version" />
245-->[com.google.android.gms:play-services-basement:18.2.0] AndroidManifest.xml:23:13-66
246
247        <service
247-->[com.google.android.datatransport:transport-backend-cct:3.1.9] AndroidManifest.xml:28:9-34:19
248            android:name="com.google.android.datatransport.runtime.backends.TransportBackendDiscovery"
248-->[com.google.android.datatransport:transport-backend-cct:3.1.9] AndroidManifest.xml:29:13-103
249            android:exported="false" >
249-->[com.google.android.datatransport:transport-backend-cct:3.1.9] AndroidManifest.xml:30:13-37
250            <meta-data
250-->[com.google.android.datatransport:transport-backend-cct:3.1.9] AndroidManifest.xml:31:13-33:39
251                android:name="backend:com.google.android.datatransport.cct.CctBackendFactory"
251-->[com.google.android.datatransport:transport-backend-cct:3.1.9] AndroidManifest.xml:32:17-94
252                android:value="cct" />
252-->[com.google.android.datatransport:transport-backend-cct:3.1.9] AndroidManifest.xml:33:17-36
253        </service>
254        <service
254-->[com.google.android.datatransport:transport-runtime:3.1.9] AndroidManifest.xml:26:9-30:19
255            android:name="com.google.android.datatransport.runtime.scheduling.jobscheduling.JobInfoSchedulerService"
255-->[com.google.android.datatransport:transport-runtime:3.1.9] AndroidManifest.xml:27:13-117
256            android:exported="false"
256-->[com.google.android.datatransport:transport-runtime:3.1.9] AndroidManifest.xml:28:13-37
257            android:permission="android.permission.BIND_JOB_SERVICE" >
257-->[com.google.android.datatransport:transport-runtime:3.1.9] AndroidManifest.xml:29:13-69
258        </service>
259
260        <receiver
260-->[com.google.android.datatransport:transport-runtime:3.1.9] AndroidManifest.xml:32:9-34:40
261            android:name="com.google.android.datatransport.runtime.scheduling.jobscheduling.AlarmManagerSchedulerBroadcastReceiver"
261-->[com.google.android.datatransport:transport-runtime:3.1.9] AndroidManifest.xml:33:13-132
262            android:exported="false" />
262-->[com.google.android.datatransport:transport-runtime:3.1.9] AndroidManifest.xml:34:13-37
263
264        <meta-data
264-->[com.facebook.soloader:soloader:0.10.5] AndroidManifest.xml:12:9-14:37
265            android:name="com.facebook.soloader.enabled"
265-->[com.facebook.soloader:soloader:0.10.5] AndroidManifest.xml:13:13-57
266            android:value="false" />
266-->[com.facebook.soloader:soloader:0.10.5] AndroidManifest.xml:14:13-34
267    </application>
268
269</manifest>